<?xml version="1.0" encoding="UTF-8"?>
<!-- Generated by org.testng.reporters.JUnitReportReporter -->
<testsuite hostname="sis048-PC" name="com.True.scripts.Login" tests="1" failures="0" timestamp="27 Jan 2015 08:43:14 GMT" time="45.672" errors="0">
  <testcase name="testLogin" time="45.672" classname="com.True.scripts.Login"/>
</testsuite> <!-- com.True.scripts.Login -->
